Solid Edge Translation To obj
Date: Friday,August 29,2025 08:19AM
Output File: K:\Engineering\01_Designs\4796\obj\CDG-39214r0.obj
Author: Unknown
Organization: Unknown
Source System: SOLID EDGE

Hardware:
Processor: Intel(R) Core(TM) i7-7700 CPU @ 3.60GHz
Operating System: Windows 10 Professional
Installed Memory: 63.87 GB

Software Information:
Parasolid Version: 33.0.247
PSBodyshop Version: 33.0.93
OBJ Adapter Version: 5.0.100
Solid Edge Version: 221.00.04.003 x64

OBJ Export Options:
Export Construction Solids:Off
Export Displayed Parts:Off
Export Construction Sheets:Off
Enable Logging:On
Export Textures:Off
Export Flatten Assembly:On
Export Construction Solids and Sheets if design bodies not present:Off
Export Units:Inches
Export Tolerance Value:0.010000
Export Tolerance Type:Custom
Export Surface Plane Angle Value:0.174533

Translation progress:
Translation process completed
Time required to translate:00 : 00 : 04
